[0830/162331.719:ERROR:process_memory_win.cc(73)] ReadMemory at 0x7ff6bc0a0000 of 64 bytes failed: Only part of a ReadProcessMemory or WriteProcessMemory request was completed. (0x12B)
[0830/162331.919:WARNING:pe_image_reader.cc(340)] could not read dos header from C:\Program Files (x86)\Google\Chrome\Application\chrome.exe
[0830/162331.919:ERROR:process_memory_win.cc(73)] ReadMemory at 0x7ffc93e00000 of 64 bytes failed: Only part of a ReadProcessMemory or WriteProcessMemory request was completed. (0x12B)
[0830/162331.919:WARNING:pe_image_reader.cc(340)] could not read dos header from C:\Windows\SYSTEM32\ntdll.dll
[0830/162331.919:ERROR:process_memory_win.cc(73)] ReadMemory at 0x7ffc93550000 of 64 bytes failed: Only part of a ReadProcessMemory or WriteProcessMemory request was completed. (0x12B)
[0830/162331.920:WARNING:pe_image_reader.cc(340)] could not read dos header from C:\Windows\System32\KERNEL32.DLL
[0830/162331.920:ERROR:process_memory_win.cc(73)] ReadMemory at 0x7ffc91540000 of 64 bytes failed: Only part of a ReadProcessMemory or WriteProcessMemory request was completed. (0x12B)
[0830/162331.920:WARNING:pe_image_reader.cc(340)] could not read dos header from C:\Windows\System32\KERNELBASE.dll
[0830/162331.920:ERROR:process_memory_win.cc(73)] ReadMemory at 0x7ffc5f910000 of 64 bytes failed: Only part of a ReadProcessMemory or WriteProcessMemory request was completed. (0x12B)
[0830/162331.920:WARNING:pe_image_reader.cc(340)] could not read dos header from C:\Program Files (x86)\Google\Chrome\Application\84.0.4147.135\chrome_elf.dll
[0830/162331.920:ERROR:process_memory_win.cc(73)] ReadMemory at 0x7ffc85b50000 of 64 bytes failed: Only part of a ReadProcessMemory or WriteProcessMemory request was completed. (0x12B)
[0830/162331.920:WARNING:pe_image_reader.cc(340)] could not read dos header from C:\Windows\SYSTEM32\VERSION.dll
[0830/162331.920:ERROR:process_memory_win.cc(73)] ReadMemory at 0x7ffc93090000 of 64 bytes failed: Only part of a ReadProcessMemory or WriteProcessMemory request was completed. (0x12B)
[0830/162331.920:WARNING:pe_image_reader.cc(340)] could not read dos header from C:\Windows\System32\msvcrt.dll
[0830/162331.920:ERROR:process_memory_win.cc(73)] ReadMemory at 0x7ffc91c50000 of 64 bytes failed: Only part of a ReadProcessMemory or WriteProcessMemory request was completed. (0x12B)
[0830/162331.920:WARNING:pe_image_reader.cc(340)] could not read dos header from C:\Windows\System32\bcryptPrimitives.dll
[0830/162331.920:ERROR:process_memory_win.cc(73)] ReadMemory at 0x7ffc92500000 of 64 bytes failed: Only part of a ReadProcessMemory or WriteProcessMemory request was completed. (0x12B)
[0830/162331.920:WARNING:pe_image_reader.cc(340)] could not read dos header from C:\Windows\System32\ADVAPI32.dll
[0830/162331.920:ERROR:process_memory_win.cc(73)] ReadMemory at 0x7ffc93680000 of 64 bytes failed: Only part of a ReadProcessMemory or WriteProcessMemory request was completed. (0x12B)
[0830/162331.921:WARNING:pe_image_reader.cc(340)] could not read dos header from C:\Windows\System32\sechost.dll
[0830/162331.921:ERROR:process_memory_win.cc(73)] ReadMemory at 0x7ffc92870000 of 64 bytes failed: Only part of a ReadProcessMemory or WriteProcessMemory request was completed. (0x12B)
[0830/162331.921:WARNING:pe_image_reader.cc(340)] could not read dos header from C:\Windows\System32\RPCRT4.dll
[0830/162331.921:ERROR:process_memory_win.cc(73)] ReadMemory at 0x7ffc21a50000 of 64 bytes failed: Only part of a ReadProcessMemory or WriteProcessMemory request was completed. (0x12B)
[0830/162331.921:WARNING:pe_image_reader.cc(340)] could not read dos header from C:\Program Files (x86)\Google\Chrome\Application\84.0.4147.135\chrome.dll
[0830/162331.921:ERROR:process_memory_win.cc(73)] ReadMemory at 0x14900d50000 of 64 bytes failed: Only part of a ReadProcessMemory or WriteProcessMemory request was completed. (0x12B)
[0830/162331.921:WARNING:pe_image_reader.cc(340)] could not read dos header from C:\Windows\System32\WS2_32.dll
[0830/162331.922:ERROR:process_memory_win.cc(73)] ReadMemory at 0x7ffc93350000 of 64 bytes failed: Only part of a ReadProcessMemory or WriteProcessMemory request was completed. (0x12B)
[0830/162331.922:WARNING:pe_image_reader.cc(340)] could not read dos header from C:\Windows\System32\OLEAUT32.dll
[0830/162331.923:ERROR:process_memory_win.cc(73)] ReadMemory at 0x7ffc91990000 of 64 bytes failed: Only part of a ReadProcessMemory or WriteProcessMemory request was completed. (0x12B)
[0830/162331.923:WARNING:pe_image_reader.cc(340)] could not read dos header from C:\Windows\System32\msvcp_win.dll
[0830/162331.923:ERROR:process_memory_win.cc(73)] ReadMemory at 0x7ffc91a30000 of 64 bytes failed: Only part of a ReadProcessMemory or WriteProcessMemory request was completed. (0x12B)
[0830/162331.923:WARNING:pe_image_reader.cc(340)] could not read dos header from C:\Windows\System32\ucrtbase.dll
[0830/162331.923:ERROR:process_memory_win.cc(73)] ReadMemory at 0x7ffc91f60000 of 64 bytes failed: Only part of a ReadProcessMemory or WriteProcessMemory request was completed. (0x12B)
[0830/162331.923:WARNING:pe_image_reader.cc(340)] could not read dos header from C:\Windows\System32\combase.dll
[0830/162331.923:ERROR:process_memory_win.cc(73)] ReadMemory at 0x7ffc91d00000 of 64 bytes failed: Only part of a ReadProcessMemory or WriteProcessMemory request was completed. (0x12B)
[0830/162331.923:WARNING:pe_image_reader.cc(340)] could not read dos header from C:\Windows\System32\WINTRUST.dll
[0830/162331.923:ERROR:process_memory_win.cc(73)] ReadMemory at 0x7ffc90d10000 of 64 bytes failed: Only part of a ReadProcessMemory or WriteProcessMemory request was completed. (0x12B)
[0830/162331.923:WARNING:pe_image_reader.cc(340)] could not read dos header from C:\Windows\System32\MSASN1.dll
[0830/162331.924:ERROR:process_memory_win.cc(73)] ReadMemory at 0x7ffc91d60000 of 64 bytes failed: Only part of a ReadProcessMemory or WriteProcessMemory request was completed. (0x12B)
[0830/162331.924:WARNING:pe_image_reader.cc(340)] could not read dos header from C:\Windows\System32\CRYPT32.dll
[0830/162331.924:ERROR:process_memory_win.cc(73)] ReadMemory at 0x7ffc901d0000 of 64 bytes failed: Only part of a ReadProcessMemory or WriteProcessMemory request was completed. (0x12B)
[0830/162331.924:WARNING:pe_image_reader.cc(340)] could not read dos header from C:\Windows\SYSTEM32\IPHLPAPI.DLL
[0830/162331.924:ERROR:process_memory_win.cc(73)] ReadMemory at 0x7ffc8b1c0000 of 64 bytes failed: Only part of a ReadProcessMemory or WriteProcessMemory request was completed. (0x12B)
[0830/162331.924:WARNING:pe_image_reader.cc(340)] could not read dos header from C:\Windows\SYSTEM32\WINMM.dll
[0830/162331.924:ERROR:process_memory_win.cc(73)] ReadMemory at 0x7ffc881b0000 of 64 bytes failed: Only part of a ReadProcessMemory or WriteProcessMemory request was completed. (0x12B)
[0830/162331.924:WARNING:pe_image_reader.cc(340)] could not read dos header from C:\Windows\SYSTEM32\Secur32.dll
[0830/162331.924:ERROR:process_memory_win.cc(73)] ReadMemory at 0x7ffc90ba0000 of 64 bytes failed: Only part of a ReadProcessMemory or WriteProcessMemory request was completed. (0x12B)
[0830/162331.924:WARNING:pe_image_reader.cc(340)] could not read dos header from C:\Windows\SYSTEM32\USERENV.dll
[0830/162331.924:ERROR:process_memory_win.cc(73)] ReadMemory at 0x7ffc90d50000 of 64 bytes failed: Only part of a ReadProcessMemory or WriteProcessMemory request was completed. (0x12B)
[0830/162331.924:WARNING:pe_image_reader.cc(340)] could not read dos header from C:\Windows\System32\profapi.dll
[0830/162331.924:ERROR:process_memory_win.cc(73)] ReadMemory at 0x7ffc704e0000 of 64 bytes failed: Only part of a ReadProcessMemory or WriteProcessMemory request was completed. (0x12B)
[0830/162331.924:WARNING:pe_image_reader.cc(340)] could not read dos header from C:\Windows\SYSTEM32\UIAutomationCore.DLL
[0830/162331.924:ERROR:process_memory_win.cc(73)] ReadMemory at 0x7ffc7d2c0000 of 64 bytes failed: Only part of a ReadProcessMemory or WriteProcessMemory request was completed. (0x12B)
[0830/162331.924:WARNING:pe_image_reader.cc(340)] could not read dos header from C:\Windows\SYSTEM32\DWrite.dll
[0830/162331.924:ERROR:process_memory_win.cc(73)] ReadMemory at 0x7ffc77550000 of 64 bytes failed: Only part of a ReadProcessMemory or WriteProcessMemory request was completed. (0x12B)
[0830/162331.924:WARNING:pe_image_reader.cc(340)] could not read dos header from C:\Windows\SYSTEM32\WINSPOOL.DRV
[0830/162331.926:ERROR:process_memory_win.cc(73)] ReadMemory at 0x7ffc90d30000 of 64 bytes failed: Only part of a ReadProcessMemory or WriteProcessMemory request was completed. (0x12B)
[0830/162331.926:WARNING:pe_image_reader.cc(340)] could not read dos header from C:\Windows\System32\kernel.appcore.dll
[0830/162331.926:ERROR:process_memory_win.cc(73)] ReadMemory at 0x7ffc90d80000 of 64 bytes failed: Only part of a ReadProcessMemory or WriteProcessMemory request was completed. (0x12B)
[0830/162331.926:WARNING:pe_image_reader.cc(340)] could not read dos header from C:\Windows\System32\bcrypt.dll
[0830/162331.926:ERROR:process_memory_win.cc(73)] ReadMemory at 0x7ffc8c570000 of 64 bytes failed: Only part of a ReadProcessMemory or WriteProcessMemory request was completed. (0x12B)
[0830/162331.926:WARNING:pe_image_reader.cc(340)] could not read dos header from C:\Windows\SYSTEM32\dbghelp.dll
[0830/162331.926:ERROR:process_memory_win.cc(73)] ReadMemory at 0x7ffc82840000 of 64 bytes failed: Only part of a ReadProcessMemory or WriteProcessMemory request was completed. (0x12B)
[0830/162331.926:WARNING:pe_image_reader.cc(340)] could not read dos header from C:\Windows\SYSTEM32\WINHTTP.dll
[0830/162331.926:ERROR:process_memory_win.cc(73)] ReadMemory at 0x7ffc81550000 of 64 bytes failed: Only part of a ReadProcessMemory or WriteProcessMemory request was completed. (0x12B)
[0830/162331.926:WARNING:pe_image_reader.cc(340)] could not read dos header from C:\Windows\SYSTEM32\dhcpcsvc.DLL
[0830/162331.926:ERROR:process_memory_win.cc(73)] ReadMemory at 0x7ffc931e0000 of 64 bytes failed: Only part of a ReadProcessMemory or WriteProcessMemory request was completed. (0x12B)
[0830/162331.927:WARNING:pe_image_reader.cc(340)] could not read dos header from C:\Windows\System32\NSI.dll
[0830/162331.927:ERROR:process_memory_win.cc(73)] ReadMemory at 0x7ffc8b190000 of 64 bytes failed: Only part of a ReadProcessMemory or WriteProcessMemory request was completed. (0x12B)
[0830/162331.927:WARNING:pe_image_reader.cc(340)] could not read dos header from C:\Windows\SYSTEM32\WINMMBASE.dll
[0830/162331.927:ERROR:process_memory_win.cc(73)] ReadMemory at 0x7ffc91c00000 of 64 bytes failed: Only part of a ReadProcessMemory or WriteProcessMemory request was completed. (0x12B)
[0830/162331.927:WARNING:pe_image_reader.cc(340)] could not read dos header from C:\Windows\System32\cfgmgr32.dll
[0830/162331.927:ERROR:process_memory_win.cc(73)] ReadMemory at 0x7ffc8c120000 of 64 bytes failed: Only part of a ReadProcessMemory or WriteProcessMemory request was completed. (0x12B)
[0830/162331.927:WARNING:pe_image_reader.cc(340)] could not read dos header from C:\Windows\SYSTEM32\PROPSYS.dll
[0830/162331.927:ERROR:process_memory_win.cc(73)] ReadMemory at 0x7ffc93130000 of 64 bytes failed: Only part of a ReadProcessMemory or WriteProcessMemory request was completed. (0x12B)
[0830/162331.927:WARNING:pe_image_reader.cc(340)] could not read dos header from C:\Windows\System32\shcore.dll
[0830/162331.927:ERROR:process_memory_win.cc(73)] ReadMemory at 0x7ffc90bd0000 of 64 bytes failed: Only part of a ReadProcessMemory or WriteProcessMemory request was completed. (0x12B)
[0830/162331.927:WARNING:pe_image_reader.cc(340)] could not read dos header from C:\Windows\SYSTEM32\SSPICLI.DLL
[0830/162331.927:ERROR:process_memory_win.cc(73)] ReadMemory at 0x7ffc90690000 of 64 bytes failed: Only part of a ReadProcessMemory or WriteProcessMemory request was completed. (0x12B)
[0830/162331.927:WARNING:pe_image_reader.cc(340)] could not read dos header from C:\Windows\SYSTEM32\CRYPTBASE.DLL
[0830/162332.140:ERROR:process_memory_win.cc(73)] ReadMemory at 0x7ff6bc0a0000 of 64 bytes failed: Only part of a ReadProcessMemory or WriteProcessMemory request was completed. (0x12B)
[0830/162332.140:WARNING:pe_image_reader.cc(340)] could not read dos header from C:\Program Files (x86)\Google\Chrome\Application\chrome.exe
[0830/162332.140:ERROR:process_memory_win.cc(73)] ReadMemory at 0x7ffc93e00000 of 64 bytes failed: Only part of a ReadProcessMemory or WriteProcessMemory request was completed. (0x12B)
[0830/162332.140:WARNING:pe_image_reader.cc(340)] could not read dos header from C:\Windows\SYSTEM32\ntdll.dll
[0830/162332.140:ERROR:process_memory_win.cc(73)] ReadMemory at 0x7ffc93550000 of 64 bytes failed: Only part of a ReadProcessMemory or WriteProcessMemory request was completed. (0x12B)
[0830/162332.141:WARNING:pe_image_reader.cc(340)] could not read dos header from C:\Windows\System32\KERNEL32.DLL
[0830/162332.141:ERROR:process_memory_win.cc(73)] ReadMemory at 0x7ffc91540000 of 64 bytes failed: Only part of a ReadProcessMemory or WriteProcessMemory request was completed. (0x12B)
[0830/162332.141:WARNING:pe_image_reader.cc(340)] could not read dos header from C:\Windows\System32\KERNELBASE.dll
[0830/162332.141:ERROR:process_memory_win.cc(73)] ReadMemory at 0x7ffc5f910000 of 64 bytes failed: Only part of a ReadProcessMemory or WriteProcessMemory request was completed. (0x12B)
[0830/162332.141:WARNING:pe_image_reader.cc(340)] could not read dos header from C:\Program Files (x86)\Google\Chrome\Application\84.0.4147.135\chrome_elf.dll
[0830/162332.141:ERROR:process_memory_win.cc(73)] ReadMemory at 0x7ffc85b50000 of 64 bytes failed: Only part of a ReadProcessMemory or WriteProcessMemory request was completed. (0x12B)
[0830/162332.141:WARNING:pe_image_reader.cc(340)] could not read dos header from C:\Windows\SYSTEM32\VERSION.dll
[0830/162332.141:ERROR:process_memory_win.cc(73)] ReadMemory at 0x7ffc93090000 of 64 bytes failed: Only part of a ReadProcessMemory or WriteProcessMemory request was completed. (0x12B)
[0830/162332.141:WARNING:pe_image_reader.cc(340)] could not read dos header from C:\Windows\System32\msvcrt.dll
[0830/162332.141:ERROR:process_memory_win.cc(73)] ReadMemory at 0x7ffc91c50000 of 64 bytes failed: Only part of a ReadProcessMemory or WriteProcessMemory request was completed. (0x12B)
[0830/162332.141:WARNING:pe_image_reader.cc(340)] could not read dos header from C:\Windows\System32\bcryptPrimitives.dll
[0830/162332.141:ERROR:process_memory_win.cc(73)] ReadMemory at 0x7ffc92500000 of 64 bytes failed: Only part of a ReadProcessMemory or WriteProcessMemory request was completed. (0x12B)
[0830/162332.141:WARNING:pe_image_reader.cc(340)] could not read dos header from C:\Windows\System32\ADVAPI32.dll
[0830/162332.141:ERROR:process_memory_win.cc(73)] ReadMemory at 0x7ffc93680000 of 64 bytes failed: Only part of a ReadProcessMemory or WriteProcessMemory request was completed. (0x12B)
[0830/162332.141:WARNING:pe_image_reader.cc(340)] could not read dos header from C:\Windows\System32\sechost.dll
[0830/162332.141:ERROR:process_memory_win.cc(73)] ReadMemory at 0x7ffc92870000 of 64 bytes failed: Only part of a ReadProcessMemory or WriteProcessMemory request was completed. (0x12B)
[0830/162332.141:WARNING:pe_image_reader.cc(340)] could not read dos header from C:\Windows\System32\RPCRT4.dll
[0830/162332.141:ERROR:process_memory_win.cc(73)] ReadMemory at 0x7ffc21a50000 of 64 bytes failed: Only part of a ReadProcessMemory or WriteProcessMemory request was completed. (0x12B)
[0830/162332.141:WARNING:pe_image_reader.cc(340)] could not read dos header from C:\Program Files (x86)\Google\Chrome\Application\84.0.4147.135\chrome.dll
[0830/162332.141:ERROR:process_memory_win.cc(73)] ReadMemory at 0x14900d50000 of 64 bytes failed: Only part of a ReadProcessMemory or WriteProcessMemory request was completed. (0x12B)
[0830/162332.141:WARNING:pe_image_reader.cc(340)] could not read dos header from C:\Windows\System32\WS2_32.dll
[0830/162332.141:ERROR:process_memory_win.cc(73)] ReadMemory at 0x7ffc93350000 of 64 bytes failed: Only part of a ReadProcessMemory or WriteProcessMemory request was completed. (0x12B)
[0830/162332.141:WARNING:pe_image_reader.cc(340)] could not read dos header from C:\Windows\System32\OLEAUT32.dll
[0830/162332.141:ERROR:process_memory_win.cc(73)] ReadMemory at 0x7ffc91990000 of 64 bytes failed: Only part of a ReadProcessMemory or WriteProcessMemory request was completed. (0x12B)
[0830/162332.141:WARNING:pe_image_reader.cc(340)] could not read dos header from C:\Windows\System32\msvcp_win.dll
[0830/162332.141:ERROR:process_memory_win.cc(73)] ReadMemory at 0x7ffc91a30000 of 64 bytes failed: Only part of a ReadProcessMemory or WriteProcessMemory request was completed. (0x12B)
[0830/162332.141:WARNING:pe_image_reader.cc(340)] could not read dos header from C:\Windows\System32\ucrtbase.dll
[0830/162332.141:ERROR:process_memory_win.cc(73)] ReadMemory at 0x7ffc91f60000 of 64 bytes failed: Only part of a ReadProcessMemory or WriteProcessMemory request was completed. (0x12B)
[0830/162332.141:WARNING:pe_image_reader.cc(340)] could not read dos header from C:\Windows\System32\combase.dll
[0830/162332.141:ERROR:process_memory_win.cc(73)] ReadMemory at 0x7ffc91d00000 of 64 bytes failed: Only part of a ReadProcessMemory or WriteProcessMemory request was completed. (0x12B)
[0830/162332.141:WARNING:pe_image_reader.cc(340)] could not read dos header from C:\Windows\System32\WINTRUST.dll
[0830/162332.141:ERROR:process_memory_win.cc(73)] ReadMemory at 0x7ffc90d10000 of 64 bytes failed: Only part of a ReadProcessMemory or WriteProcessMemory request was completed. (0x12B)
[0830/162332.141:WARNING:pe_image_reader.cc(340)] could not read dos header from C:\Windows\System32\MSASN1.dll
[0830/162332.141:ERROR:process_memory_win.cc(73)] ReadMemory at 0x7ffc91d60000 of 64 bytes failed: Only part of a ReadProcessMemory or WriteProcessMemory request was completed. (0x12B)
[0830/162332.141:WARNING:pe_image_reader.cc(340)] could not read dos header from C:\Windows\System32\CRYPT32.dll
[0830/162332.141:ERROR:process_memory_win.cc(73)] ReadMemory at 0x7ffc901d0000 of 64 bytes failed: Only part of a ReadProcessMemory or WriteProcessMemory request was completed. (0x12B)
[0830/162332.141:WARNING:pe_image_reader.cc(340)] could not read dos header from C:\Windows\SYSTEM32\IPHLPAPI.DLL
[0830/162332.141:ERROR:process_memory_win.cc(73)] ReadMemory at 0x7ffc8b1c0000 of 64 bytes failed: Only part of a ReadProcessMemory or WriteProcessMemory request was completed. (0x12B)
[0830/162332.141:WARNING:pe_image_reader.cc(340)] could not read dos header from C:\Windows\SYSTEM32\WINMM.dll
[0830/162332.141:ERROR:process_memory_win.cc(73)] ReadMemory at 0x7ffc881b0000 of 64 bytes failed: Only part of a ReadProcessMemory or WriteProcessMemory request was completed. (0x12B)
[0830/162332.141:WARNING:pe_image_reader.cc(340)] could not read dos header from C:\Windows\SYSTEM32\Secur32.dll
[0830/162332.141:ERROR:process_memory_win.cc(73)] ReadMemory at 0x7ffc90ba0000 of 64 bytes failed: Only part of a ReadProcessMemory or WriteProcessMemory request was completed. (0x12B)
[0830/162332.141:WARNING:pe_image_reader.cc(340)] could not read dos header from C:\Windows\SYSTEM32\USERENV.dll
[0830/162332.141:ERROR:process_memory_win.cc(73)] ReadMemory at 0x7ffc90d50000 of 64 bytes failed: Only part of a ReadProcessMemory or WriteProcessMemory request was completed. (0x12B)
[0830/162332.141:WARNING:pe_image_reader.cc(340)] could not read dos header from C:\Windows\System32\profapi.dll
[0830/162332.141:ERROR:process_memory_win.cc(73)] ReadMemory at 0x7ffc704e0000 of 64 bytes failed: Only part of a ReadProcessMemory or WriteProcessMemory request was completed. (0x12B)
[0830/162332.141:WARNING:pe_image_reader.cc(340)] could not read dos header from C:\Windows\SYSTEM32\UIAutomationCore.DLL
[0830/162332.141:ERROR:process_memory_win.cc(73)] ReadMemory at 0x7ffc7d2c0000 of 64 bytes failed: Only part of a ReadProcessMemory or WriteProcessMemory request was completed. (0x12B)
[0830/162332.141:WARNING:pe_image_reader.cc(340)] could not read dos header from C:\Windows\SYSTEM32\DWrite.dll
[0830/162332.141:ERROR:process_memory_win.cc(73)] ReadMemory at 0x7ffc77550000 of 64 bytes failed: Only part of a ReadProcessMemory or WriteProcessMemory request was completed. (0x12B)
[0830/162332.141:WARNING:pe_image_reader.cc(340)] could not read dos header from C:\Windows\SYSTEM32\WINSPOOL.DRV
[0830/162332.141:ERROR:process_memory_win.cc(73)] ReadMemory at 0x7ffc90d30000 of 64 bytes failed: Only part of a ReadProcessMemory or WriteProcessMemory request was completed. (0x12B)
[0830/162332.141:WARNING:pe_image_reader.cc(340)] could not read dos header from C:\Windows\System32\kernel.appcore.dll
[0830/162332.141:ERROR:process_memory_win.cc(73)] ReadMemory at 0x7ffc90d80000 of 64 bytes failed: Only part of a ReadProcessMemory or WriteProcessMemory request was completed. (0x12B)
[0830/162332.141:WARNING:pe_image_reader.cc(340)] could not read dos header from C:\Windows\System32\bcrypt.dll
[0830/162332.141:ERROR:process_memory_win.cc(73)] ReadMemory at 0x7ffc8c570000 of 64 bytes failed: Only part of a ReadProcessMemory or WriteProcessMemory request was completed. (0x12B)
[0830/162332.141:WARNING:pe_image_reader.cc(340)] could not read dos header from C:\Windows\SYSTEM32\dbghelp.dll
[0830/162332.141:ERROR:process_memory_win.cc(73)] ReadMemory at 0x7ffc82840000 of 64 bytes failed: Only part of a ReadProcessMemory or WriteProcessMemory request was completed. (0x12B)
[0830/162332.141:WARNING:pe_image_reader.cc(340)] could not read dos header from C:\Windows\SYSTEM32\WINHTTP.dll
[0830/162332.141:ERROR:process_memory_win.cc(73)] ReadMemory at 0x7ffc81550000 of 64 bytes failed: Only part of a ReadProcessMemory or WriteProcessMemory request was completed. (0x12B)
[0830/162332.141:WARNING:pe_image_reader.cc(340)] could not read dos header from C:\Windows\SYSTEM32\dhcpcsvc.DLL
[0830/162332.141:ERROR:process_memory_win.cc(73)] ReadMemory at 0x7ffc931e0000 of 64 bytes failed: Only part of a ReadProcessMemory or WriteProcessMemory request was completed. (0x12B)
[0830/162332.141:WARNING:pe_image_reader.cc(340)] could not read dos header from C:\Windows\System32\NSI.dll
[0830/162332.145:ERROR:process_memory_win.cc(73)] ReadMemory at 0x7ffc8b190000 of 64 bytes failed: Only part of a ReadProcessMemory or WriteProcessMemory request was completed. (0x12B)
[0830/162332.145:WARNING:pe_image_reader.cc(340)] could not read dos header from C:\Windows\SYSTEM32\WINMMBASE.dll
[0830/162332.145:ERROR:process_memory_win.cc(73)] ReadMemory at 0x7ffc91c00000 of 64 bytes failed: Only part of a ReadProcessMemory or WriteProcessMemory request was completed. (0x12B)
[0830/162332.145:WARNING:pe_image_reader.cc(340)] could not read dos header from C:\Windows\System32\cfgmgr32.dll
[0830/162332.145:ERROR:process_memory_win.cc(73)] ReadMemory at 0x7ffc8c120000 of 64 bytes failed: Only part of a ReadProcessMemory or WriteProcessMemory request was completed. (0x12B)
[0830/162332.145:WARNING:pe_image_reader.cc(340)] could not read dos header from C:\Windows\SYSTEM32\PROPSYS.dll
[0830/162332.145:ERROR:process_memory_win.cc(73)] ReadMemory at 0x7ffc93130000 of 64 bytes failed: Only part of a ReadProcessMemory or WriteProcessMemory request was completed. (0x12B)
[0830/162332.145:WARNING:pe_image_reader.cc(340)] could not read dos header from C:\Windows\System32\shcore.dll
[0830/162332.145:ERROR:process_memory_win.cc(73)] ReadMemory at 0x7ffc90bd0000 of 64 bytes failed: Only part of a ReadProcessMemory or WriteProcessMemory request was completed. (0x12B)
[0830/162332.145:WARNING:pe_image_reader.cc(340)] could not read dos header from C:\Windows\SYSTEM32\SSPICLI.DLL
[0830/162332.145:ERROR:process_memory_win.cc(73)] ReadMemory at 0x7ffc90690000 of 64 bytes failed: Only part of a ReadProcessMemory or WriteProcessMemory request was completed. (0x12B)
[0830/162332.145:WARNING:pe_image_reader.cc(340)] could not read dos header from C:\Windows\SYSTEM32\CRYPTBASE.DLL
[0830/162332.145:ERROR:process_memory_win.cc(73)] ReadMemory at 0x7ff6bc0a0000 of 64 bytes failed: Only part of a ReadProcessMemory or WriteProcessMemory request was completed. (0x12B)
[0830/162332.145:WARNING:pe_image_reader.cc(340)] could not read dos header from C:\Program Files (x86)\Google\Chrome\Application\chrome.exe
[0830/162332.145:ERROR:process_memory_win.cc(73)] ReadMemory at 0x7ffc93e00000 of 64 bytes failed: Only part of a ReadProcessMemory or WriteProcessMemory request was completed. (0x12B)
[0830/162332.145:WARNING:pe_image_reader.cc(340)] could not read dos header from C:\Windows\SYSTEM32\ntdll.dll
[0830/162332.146:ERROR:process_memory_win.cc(73)] ReadMemory at 0x7ffc93550000 of 64 bytes failed: Only part of a ReadProcessMemory or WriteProcessMemory request was completed. (0x12B)
[0830/162332.146:WARNING:pe_image_reader.cc(340)] could not read dos header from C:\Windows\System32\KERNEL32.DLL
[0830/162332.146:ERROR:process_memory_win.cc(73)] ReadMemory at 0x7ffc91540000 of 64 bytes failed: Only part of a ReadProcessMemory or WriteProcessMemory request was completed. (0x12B)
[0830/162332.146:WARNING:pe_image_reader.cc(340)] could not read dos header from C:\Windows\System32\KERNELBASE.dll
[0830/162332.146:ERROR:process_memory_win.cc(73)] ReadMemory at 0x7ffc5f910000 of 64 bytes failed: Only part of a ReadProcessMemory or WriteProcessMemory request was completed. (0x12B)
[0830/162332.146:WARNING:pe_image_reader.cc(340)] could not read dos header from C:\Program Files (x86)\Google\Chrome\Application\84.0.4147.135\chrome_elf.dll
[0830/162332.146:ERROR:process_memory_win.cc(73)] ReadMemory at 0x7ffc85b50000 of 64 bytes failed: Only part of a ReadProcessMemory or WriteProcessMemory request was completed. (0x12B)
[0830/162332.146:WARNING:pe_image_reader.cc(340)] could not read dos header from C:\Windows\SYSTEM32\VERSION.dll
[0830/162332.146:ERROR:process_memory_win.cc(73)] ReadMemory at 0x7ffc93090000 of 64 bytes failed: Only part of a ReadProcessMemory or WriteProcessMemory request was completed. (0x12B)
[0830/162332.146:WARNING:pe_image_reader.cc(340)] could not read dos header from C:\Windows\System32\msvcrt.dll
[0830/162332.146:ERROR:process_memory_win.cc(73)] ReadMemory at 0x7ffc91c50000 of 64 bytes failed: Only part of a ReadProcessMemory or WriteProcessMemory request was completed. (0x12B)
[0830/162332.146:WARNING:pe_image_reader.cc(340)] could not read dos header from C:\Windows\System32\bcryptPrimitives.dll
[0830/162332.146:ERROR:process_memory_win.cc(73)] ReadMemory at 0x7ffc92500000 of 64 bytes failed: Only part of a ReadProcessMemory or WriteProcessMemory request was completed. (0x12B)
[0830/162332.146:WARNING:pe_image_reader.cc(340)] could not read dos header from C:\Windows\System32\ADVAPI32.dll
[0830/162332.146:ERROR:process_memory_win.cc(73)] ReadMemory at 0x7ffc93680000 of 64 bytes failed: Only part of a ReadProcessMemory or WriteProcessMemory request was completed. (0x12B)
[0830/162332.146:WARNING:pe_image_reader.cc(340)] could not read dos header from C:\Windows\System32\sechost.dll
[0830/162332.147:ERROR:process_memory_win.cc(73)] ReadMemory at 0x7ffc92870000 of 64 bytes failed: Only part of a ReadProcessMemory or WriteProcessMemory request was completed. (0x12B)
[0830/162332.147:WARNING:pe_image_reader.cc(340)] could not read dos header from C:\Windows\System32\RPCRT4.dll
[0830/162332.147:ERROR:process_memory_win.cc(73)] ReadMemory at 0x7ffc21a50000 of 64 bytes failed: Only part of a ReadProcessMemory or WriteProcessMemory request was completed. (0x12B)
[0830/162332.147:WARNING:pe_image_reader.cc(340)] could not read dos header from C:\Program Files (x86)\Google\Chrome\Application\84.0.4147.135\chrome.dll
[0830/162332.147:ERROR:process_memory_win.cc(73)] ReadMemory at 0x14900d50000 of 64 bytes failed: Only part of a ReadProcessMemory or WriteProcessMemory request was completed. (0x12B)
[0830/162332.147:WARNING:pe_image_reader.cc(340)] could not read dos header from C:\Windows\System32\WS2_32.dll
[0830/162332.147:ERROR:process_memory_win.cc(73)] ReadMemory at 0x7ffc93350000 of 64 bytes failed: Only part of a ReadProcessMemory or WriteProcessMemory request was completed. (0x12B)
[0830/162332.147:WARNING:pe_image_reader.cc(340)] could not read dos header from C:\Windows\System32\OLEAUT32.dll
[0830/162332.147:ERROR:process_memory_win.cc(73)] ReadMemory at 0x7ffc91990000 of 64 bytes failed: Only part of a ReadProcessMemory or WriteProcessMemory request was completed. (0x12B)
[0830/162332.147:WARNING:pe_image_reader.cc(340)] could not read dos header from C:\Windows\System32\msvcp_win.dll
[0830/162332.147:ERROR:process_memory_win.cc(73)] ReadMemory at 0x7ffc91a30000 of 64 bytes failed: Only part of a ReadProcessMemory or WriteProcessMemory request was completed. (0x12B)
[0830/162332.147:WARNING:pe_image_reader.cc(340)] could not read dos header from C:\Windows\System32\ucrtbase.dll
[0830/162332.147:ERROR:process_memory_win.cc(73)] ReadMemory at 0x7ffc91f60000 of 64 bytes failed: Only part of a ReadProcessMemory or WriteProcessMemory request was completed. (0x12B)
[0830/162332.147:WARNING:pe_image_reader.cc(340)] could not read dos header from C:\Windows\System32\combase.dll
[0830/162332.147:ERROR:process_memory_win.cc(73)] ReadMemory at 0x7ffc91d00000 of 64 bytes failed: Only part of a ReadProcessMemory or WriteProcessMemory request was completed. (0x12B)
[0830/162332.147:WARNING:pe_image_reader.cc(340)] could not read dos header from C:\Windows\System32\WINTRUST.dll
[0830/162332.147:ERROR:process_memory_win.cc(73)] ReadMemory at 0x7ffc90d10000 of 64 bytes failed: Only part of a ReadProcessMemory or WriteProcessMemory request was completed. (0x12B)
[0830/162332.147:WARNING:pe_image_reader.cc(340)] could not read dos header from C:\Windows\System32\MSASN1.dll
[0830/162332.147:ERROR:process_memory_win.cc(73)] ReadMemory at 0x7ffc91d60000 of 64 bytes failed: Only part of a ReadProcessMemory or WriteProcessMemory request was completed. (0x12B)
[0830/162332.147:WARNING:pe_image_reader.cc(340)] could not read dos header from C:\Windows\System32\CRYPT32.dll
[0830/162332.147:ERROR:process_memory_win.cc(73)] ReadMemory at 0x7ffc901d0000 of 64 bytes failed: Only part of a ReadProcessMemory or WriteProcessMemory request was completed. (0x12B)
[0830/162332.147:WARNING:pe_image_reader.cc(340)] could not read dos header from C:\Windows\SYSTEM32\IPHLPAPI.DLL
[0830/162332.147:ERROR:process_memory_win.cc(73)] ReadMemory at 0x7ffc8b1c0000 of 64 bytes failed: Only part of a ReadProcessMemory or WriteProcessMemory request was completed. (0x12B)
[0830/162332.147:WARNING:pe_image_reader.cc(340)] could not read dos header from C:\Windows\SYSTEM32\WINMM.dll
[0830/162332.147:ERROR:process_memory_win.cc(73)] ReadMemory at 0x7ffc881b0000 of 64 bytes failed: Only part of a ReadProcessMemory or WriteProcessMemory request was completed. (0x12B)
[0830/162332.147:WARNING:pe_image_reader.cc(340)] could not read dos header from C:\Windows\SYSTEM32\Secur32.dll
[0830/162332.147:ERROR:process_memory_win.cc(73)] ReadMemory at 0x7ffc90ba0000 of 64 bytes failed: Only part of a ReadProcessMemory or WriteProcessMemory request was completed. (0x12B)
[0830/162332.147:WARNING:pe_image_reader.cc(340)] could not read dos header from C:\Windows\SYSTEM32\USERENV.dll
[0830/162332.147:ERROR:process_memory_win.cc(73)] ReadMemory at 0x7ffc90d50000 of 64 bytes failed: Only part of a ReadProcessMemory or WriteProcessMemory request was completed. (0x12B)
[0830/162332.147:WARNING:pe_image_reader.cc(340)] could not read dos header from C:\Windows\System32\profapi.dll
[0830/162332.147:ERROR:process_memory_win.cc(73)] ReadMemory at 0x7ffc704e0000 of 64 bytes failed: Only part of a ReadProcessMemory or WriteProcessMemory request was completed. (0x12B)
[0830/162332.147:WARNING:pe_image_reader.cc(340)] could not read dos header from C:\Windows\SYSTEM32\UIAutomationCore.DLL
[0830/162332.147:ERROR:process_memory_win.cc(73)] ReadMemory at 0x7ffc7d2c0000 of 64 bytes failed: Only part of a ReadProcessMemory or WriteProcessMemory request was completed. (0x12B)
[0830/162332.147:WARNING:pe_image_reader.cc(340)] could not read dos header from C:\Windows\SYSTEM32\DWrite.dll
[0830/162332.147:ERROR:process_memory_win.cc(73)] ReadMemory at 0x7ffc77550000 of 64 bytes failed: Only part of a ReadProcessMemory or WriteProcessMemory request was completed. (0x12B)
[0830/162332.147:WARNING:pe_image_reader.cc(340)] could not read dos header from C:\Windows\SYSTEM32\WINSPOOL.DRV
[0830/162332.147:ERROR:process_memory_win.cc(73)] ReadMemory at 0x7ffc90d30000 of 64 bytes failed: Only part of a ReadProcessMemory or WriteProcessMemory request was completed. (0x12B)
[0830/162332.147:WARNING:pe_image_reader.cc(340)] could not read dos header from C:\Windows\System32\kernel.appcore.dll
[0830/162332.147:ERROR:process_memory_win.cc(73)] ReadMemory at 0x7ffc90d80000 of 64 bytes failed: Only part of a ReadProcessMemory or WriteProcessMemory request was completed. (0x12B)
[0830/162332.147:WARNING:pe_image_reader.cc(340)] could not read dos header from C:\Windows\System32\bcrypt.dll
[0830/162332.147:ERROR:process_memory_win.cc(73)] ReadMemory at 0x7ffc8c570000 of 64 bytes failed: Only part of a ReadProcessMemory or WriteProcessMemory request was completed. (0x12B)
[0830/162332.147:WARNING:pe_image_reader.cc(340)] could not read dos header from C:\Windows\SYSTEM32\dbghelp.dll
[0830/162332.147:ERROR:process_memory_win.cc(73)] ReadMemory at 0x7ffc82840000 of 64 bytes failed: Only part of a ReadProcessMemory or WriteProcessMemory request was completed. (0x12B)
[0830/162332.147:WARNING:pe_image_reader.cc(340)] could not read dos header from C:\Windows\SYSTEM32\WINHTTP.dll
[0830/162332.147:ERROR:process_memory_win.cc(73)] ReadMemory at 0x7ffc81550000 of 64 bytes failed: Only part of a ReadProcessMemory or WriteProcessMemory request was completed. (0x12B)
[0830/162332.147:WARNING:pe_image_reader.cc(340)] could not read dos header from C:\Windows\SYSTEM32\dhcpcsvc.DLL
[0830/162332.147:ERROR:process_memory_win.cc(73)] ReadMemory at 0x7ffc931e0000 of 64 bytes failed: Only part of a ReadProcessMemory or WriteProcessMemory request was completed. (0x12B)
[0830/162332.147:WARNING:pe_image_reader.cc(340)] could not read dos header from C:\Windows\System32\NSI.dll
[0830/162332.147:ERROR:process_memory_win.cc(73)] ReadMemory at 0x7ffc8b190000 of 64 bytes failed: Only part of a ReadProcessMemory or WriteProcessMemory request was completed. (0x12B)
[0830/162332.147:WARNING:pe_image_reader.cc(340)] could not read dos header from C:\Windows\SYSTEM32\WINMMBASE.dll
[0830/162332.147:ERROR:process_memory_win.cc(73)] ReadMemory at 0x7ffc91c00000 of 64 bytes failed: Only part of a ReadProcessMemory or WriteProcessMemory request was completed. (0x12B)
[0830/162332.147:WARNING:pe_image_reader.cc(340)] could not read dos header from C:\Windows\System32\cfgmgr32.dll
[0830/162332.147:ERROR:process_memory_win.cc(73)] ReadMemory at 0x7ffc8c120000 of 64 bytes failed: Only part of a ReadProcessMemory or WriteProcessMemory request was completed. (0x12B)
[0830/162332.147:WARNING:pe_image_reader.cc(340)] could not read dos header from C:\Windows\SYSTEM32\PROPSYS.dll
[0830/162332.147:ERROR:process_memory_win.cc(73)] ReadMemory at 0x7ffc93130000 of 64 bytes failed: Only part of a ReadProcessMemory or WriteProcessMemory request was completed. (0x12B)
[0830/162332.147:WARNING:pe_image_reader.cc(340)] could not read dos header from C:\Windows\System32\shcore.dll
[0830/162332.147:ERROR:process_memory_win.cc(73)] ReadMemory at 0x7ffc90bd0000 of 64 bytes failed: Only part of a ReadProcessMemory or WriteProcessMemory request was completed. (0x12B)
[0830/162332.147:WARNING:pe_image_reader.cc(340)] could not read dos header from C:\Windows\SYSTEM32\SSPICLI.DLL
[0830/162332.147:ERROR:process_memory_win.cc(73)] ReadMemory at 0x7ffc90690000 of 64 bytes failed: Only part of a ReadProcessMemory or WriteProcessMemory request was completed. (0x12B)
[0830/162332.147:WARNING:pe_image_reader.cc(340)] could not read dos header from C:\Windows\SYSTEM32\CRYPTBASE.DLL
[0830/162332.258:ERROR:process_memory_win.cc(73)] ReadMemory at 0x428f1eb000 of 86016 bytes failed: Only part of a ReadProcessMemory or WriteProcessMemory request was completed. (0x12B)
[0830/162332.258:ERROR:process_memory_win.cc(73)] ReadMemory at 0x428f9fd000 of 12288 bytes failed: Only part of a ReadProcessMemory or WriteProcessMemory request was completed. (0x12B)
[0830/162332.258:ERROR:process_memory_win.cc(73)] ReadMemory at 0x42909fc000 of 16384 bytes failed: Only part of a ReadProcessMemory or WriteProcessMemory request was completed. (0x12B)
[0830/162332.258:ERROR:process_memory_win.cc(73)] ReadMemory at 0x42911fc000 of 16384 bytes failed: Only part of a ReadProcessMemory or WriteProcessMemory request was completed. (0x12B)
[0830/162332.258:ERROR:process_memory_win.cc(73)] ReadMemory at 0x42919fe000 of 8192 bytes failed: Only part of a ReadProcessMemory or WriteProcessMemory request was completed. (0x12B)
[0830/162332.262:ERROR:process_memory_win.cc(73)] ReadMemory at 0x42921fd000 of 12288 bytes failed: Only part of a ReadProcessMemory or WriteProcessMemory request was completed. (0x12B)
[0830/162332.262:ERROR:process_memory_win.cc(73)] ReadMemory at 0x42929fb000 of 20480 bytes failed: Only part of a ReadProcessMemory or WriteProcessMemory request was completed. (0x12B)
[0830/162332.262:ERROR:process_memory_win.cc(73)] ReadMemory at 0x42939fd000 of 12288 bytes failed: Only part of a ReadProcessMemory or WriteProcessMemory request was completed. (0x12B)
[0830/162332.262:ERROR:process_memory_win.cc(73)] ReadMemory at 0x42941f9000 of 28672 bytes failed: Only part of a ReadProcessMemory or WriteProcessMemory request was completed. (0x12B)
[0830/162332.262:ERROR:process_memory_win.cc(73)] ReadMemory at 0x42949fa000 of 24576 bytes failed: Only part of a ReadProcessMemory or WriteProcessMemory request was completed. (0x12B)
[0830/162332.262:ERROR:process_memory_win.cc(73)] ReadMemory at 0x42951fd000 of 12288 bytes failed: Only part of a ReadProcessMemory or WriteProcessMemory request was completed. (0x12B)
[0830/162332.262:ERROR:process_memory_win.cc(73)] ReadMemory at 0x42961fd000 of 12288 bytes failed: Only part of a ReadProcessMemory or WriteProcessMemory request was completed. (0x12B)
[0830/162332.262:ERROR:process_memory_win.cc(73)] ReadMemory at 0x42959f6000 of 40960 bytes failed: Only part of a ReadProcessMemory or WriteProcessMemory request was completed. (0x12B)
[0830/162332.262:ERROR:process_memory_win.cc(73)] ReadMemory at 0x42901fc000 of 16384 bytes failed: Only part of a ReadProcessMemory or WriteProcessMemory request was completed. (0x12B)
[0830/162332.262:ERROR:process_memory_win.cc(73)] ReadMemory at 0x42931fc000 of 16384 bytes failed: Only part of a ReadProcessMemory or WriteProcessMemory request was completed. (0x12B)
[0830/162332.263:ERROR:process_memory_win.cc(73)] ReadMemory at 0x42969ff000 of 4096 bytes failed: Only part of a ReadProcessMemory or WriteProcessMemory request was completed. (0x12B)
[0830/162332.263:ERROR:process_memory_win.cc(73)] ReadMemory at 0x428e946000 of 852 bytes failed: Only part of a ReadProcessMemory or WriteProcessMemory request was completed. (0x12B)
[0830/162332.263:ERROR:process_memory_win.cc(73)] ReadMemory at 0x428e947000 of 6024 bytes failed: Only part of a ReadProcessMemory or WriteProcessMemory request was completed. (0x12B)
[0830/162332.263:ERROR:process_memory_win.cc(73)] ReadMemory at 0x428e949000 of 6024 bytes failed: Only part of a ReadProcessMemory or WriteProcessMemory request was completed. (0x12B)
[0830/162332.263:ERROR:process_memory_win.cc(73)] ReadMemory at 0x428e94d000 of 6024 bytes failed: Only part of a ReadProcessMemory or WriteProcessMemory request was completed. (0x12B)
[0830/162332.263:ERROR:process_memory_win.cc(73)] ReadMemory at 0x428e94f000 of 6024 bytes failed: Only part of a ReadProcessMemory or WriteProcessMemory request was completed. (0x12B)
[0830/162332.263:ERROR:process_memory_win.cc(73)] ReadMemory at 0x428e951000 of 6024 bytes failed: Only part of a ReadProcessMemory or WriteProcessMemory request was completed. (0x12B)
[0830/162332.263:ERROR:process_memory_win.cc(73)] ReadMemory at 0x428e953000 of 6024 bytes failed: Only part of a ReadProcessMemory or WriteProcessMemory request was completed. (0x12B)
[0830/162332.263:ERROR:process_memory_win.cc(73)] ReadMemory at 0x428e955000 of 6024 bytes failed: Only part of a ReadProcessMemory or WriteProcessMemory request was completed. (0x12B)
[0830/162332.263:ERROR:process_memory_win.cc(73)] ReadMemory at 0x428e959000 of 6024 bytes failed: Only part of a ReadProcessMemory or WriteProcessMemory request was completed. (0x12B)
[0830/162332.264:ERROR:process_memory_win.cc(73)] ReadMemory at 0x428e95b000 of 6024 bytes failed: Only part of a ReadProcessMemory or WriteProcessMemory request was completed. (0x12B)
[0830/162332.264:ERROR:process_memory_win.cc(73)] ReadMemory at 0x428e95d000 of 6024 bytes failed: Only part of a ReadProcessMemory or WriteProcessMemory request was completed. (0x12B)
[0830/162332.264:ERROR:process_memory_win.cc(73)] ReadMemory at 0x428e95f000 of 6024 bytes failed: Only part of a ReadProcessMemory or WriteProcessMemory request was completed. (0x12B)
[0830/162332.264:ERROR:process_memory_win.cc(73)] ReadMemory at 0x428e965000 of 6024 bytes failed: Only part of a ReadProcessMemory or WriteProcessMemory request was completed. (0x12B)
[0830/162332.264:ERROR:process_memory_win.cc(73)] ReadMemory at 0x428e96d000 of 6024 bytes failed: Only part of a ReadProcessMemory or WriteProcessMemory request was completed. (0x12B)
[0830/162332.264:ERROR:process_memory_win.cc(73)] ReadMemory at 0x428e971000 of 6024 bytes failed: Only part of a ReadProcessMemory or WriteProcessMemory request was completed. (0x12B)
[0830/162332.264:ERROR:process_memory_win.cc(73)] ReadMemory at 0x428e973000 of 6024 bytes failed: Only part of a ReadProcessMemory or WriteProcessMemory request was completed. (0x12B)
[0830/162332.264:ERROR:process_memory_win.cc(73)] ReadMemory at 0x428e975000 of 6024 bytes failed: Only part of a ReadProcessMemory or WriteProcessMemory request was completed. (0x12B)
[0830/162332.264:ERROR:process_memory_win.cc(73)] ReadMemory at 0x14900c50fe0 of 17790 bytes failed: Only part of a ReadProcessMemory or WriteProcessMemory request was completed. (0x12B)
[0830/162332.264:ERROR:process_memory_win.cc(73)] ReadMemory at 0x14900c55570 of 1012 bytes failed: Only part of a ReadProcessMemory or WriteProcessMemory request was completed. (0x12B)
[0830/162332.264:ERROR:process_memory_win.cc(73)] ReadMemory at 0x14900c55bb8 of 118 bytes failed: Only part of a ReadProcessMemory or WriteProcessMemory request was completed. (0x12B)
[0830/162332.264:ERROR:process_memory_win.cc(73)] ReadMemory at 0x14900c55c30 of 848 bytes failed: Only part of a ReadProcessMemory or WriteProcessMemory request was completed. (0x12B)
[0830/162332.264:ERROR:process_memory_win.cc(73)] ReadMemory at 0x14900c55f82 of 118 bytes failed: Only part of a ReadProcessMemory or WriteProcessMemory request was completed. (0x12B)
[0830/162332.264:ERROR:process_memory_win.cc(73)] ReadMemory at 0x14900c55ffa of 102 bytes failed: Only part of a ReadProcessMemory or WriteProcessMemory request was completed. (0x12B)
[0830/162332.264:ERROR:process_memory_win.cc(73)] ReadMemory at 0x14900c56070 of 58 bytes failed: Only part of a ReadProcessMemory or WriteProcessMemory request was completed. (0x12B)
[0830/162332.264:ERROR:process_memory_win.cc(73)] ReadMemory at 0x14900c56170 of 132 bytes failed: Only part of a ReadProcessMemory or WriteProcessMemory request was completed. (0x12B)
[0830/162332.264:ERROR:process_memory_win.cc(73)] ReadMemory at 0x14900c56300 of 132 bytes failed: Only part of a ReadProcessMemory or WriteProcessMemory request was completed. (0x12B)
[0830/162332.264:ERROR:process_memory_win.cc(73)] ReadMemory at 0x14900c564c0 of 126 bytes failed: Only part of a ReadProcessMemory or WriteProcessMemory request was completed. (0x12B)
[0830/162332.264:ERROR:process_memory_win.cc(73)] ReadMemory at 0x14900c568a0 of 132 bytes failed: Only part of a ReadProcessMemory or WriteProcessMemory request was completed. (0x12B)
[0830/162332.264:ERROR:process_memory_win.cc(73)] ReadMemory at 0x14900c56a30 of 64 bytes failed: Only part of a ReadProcessMemory or WriteProcessMemory request was completed. (0x12B)
[0830/162332.264:ERROR:process_memory_win.cc(73)] ReadMemory at 0x14900c56bf0 of 132 bytes failed: Only part of a ReadProcessMemory or WriteProcessMemory request was completed. (0x12B)
[0830/162332.264:ERROR:process_memory_win.cc(73)] ReadMemory at 0x14900c56e90 of 132 bytes failed: Only part of a ReadProcessMemory or WriteProcessMemory request was completed. (0x12B)
[0830/162332.264:ERROR:process_memory_win.cc(73)] ReadMemory at 0x14900c57030 of 68 bytes failed: Only part of a ReadProcessMemory or WriteProcessMemory request was completed. (0x12B)
[0830/162332.264:ERROR:process_memory_win.cc(73)] ReadMemory at 0x14900c58130 of 132 bytes failed: Only part of a ReadProcessMemory or WriteProcessMemory request was completed. (0x12B)
[0830/162332.264:ERROR:process_memory_win.cc(73)] ReadMemory at 0x14900c582c0 of 154 bytes failed: Only part of a ReadProcessMemory or WriteProcessMemory request was completed. (0x12B)
[0830/162332.264:ERROR:process_memory_win.cc(73)] ReadMemory at 0x14900c59110 of 132 bytes failed: Only part of a ReadProcessMemory or WriteProcessMemory request was completed. (0x12B)
[0830/162332.264:ERROR:process_memory_win.cc(73)] ReadMemory at 0x14900c592a0 of 60 bytes failed: Only part of a ReadProcessMemory or WriteProcessMemory request was completed. (0x12B)
[0830/162332.264:ERROR:process_memory_win.cc(73)] ReadMemory at 0x14900c59f70 of 62 bytes failed: Only part of a ReadProcessMemory or WriteProcessMemory request was completed. (0x12B)
[0830/162332.264:ERROR:process_memory_win.cc(73)] ReadMemory at 0x14900c68b70 of 54 bytes failed: Only part of a ReadProcessMemory or WriteProcessMemory request was completed. (0x12B)
[0830/162332.264:ERROR:process_memory_win.cc(73)] ReadMemory at 0x14900c6bfe0 of 80 bytes failed: Only part of a ReadProcessMemory or WriteProcessMemory request was completed. (0x12B)
[0830/162332.264:ERROR:process_memory_win.cc(73)] ReadMemory at 0x14900c6d690 of 132 bytes failed: Only part of a ReadProcessMemory or WriteProcessMemory request was completed. (0x12B)
[0830/162332.264:ERROR:process_memory_win.cc(73)] ReadMemory at 0x14900c6dae0 of 132 bytes failed: Only part of a ReadProcessMemory or WriteProcessMemory request was completed. (0x12B)
[0830/162332.264:ERROR:process_memory_win.cc(73)] ReadMemory at 0x14900c6dc10 of 132 bytes failed: Only part of a ReadProcessMemory or WriteProcessMemory request was completed. (0x12B)
[0830/162332.264:ERROR:process_memory_win.cc(73)] ReadMemory at 0x14900c6e500 of 132 bytes failed: Only part of a ReadProcessMemory or WriteProcessMemory request was completed. (0x12B)
[0830/162332.264:ERROR:process_memory_win.cc(73)] ReadMemory at 0x14900c6eeb0 of 132 bytes failed: Only part of a ReadProcessMemory or WriteProcessMemory request was completed. (0x12B)
[0830/162332.264:ERROR:process_memory_win.cc(73)] ReadMemory at 0x14900c6efe0 of 132 bytes failed: Only part of a ReadProcessMemory or WriteProcessMemory request was completed. (0x12B)
[0830/162332.264:ERROR:process_memory_win.cc(73)] ReadMemory at 0x14900c6f240 of 132 bytes failed: Only part of a ReadProcessMemory or WriteProcessMemory request was completed. (0x12B)
[0830/162332.268:ERROR:process_memory_win.cc(73)] ReadMemory at 0x14900c6f370 of 132 bytes failed: Only part of a ReadProcessMemory or WriteProcessMemory request was completed. (0x12B)
[0830/162332.268:ERROR:process_memory_win.cc(73)] ReadMemory at 0x14900c6f4a0 of 132 bytes failed: Only part of a ReadProcessMemory or WriteProcessMemory request was completed. (0x12B)
[0830/162332.268:ERROR:process_memory_win.cc(73)] ReadMemory at 0x14900c6f5d0 of 132 bytes failed: Only part of a ReadProcessMemory or WriteProcessMemory request was completed. (0x12B)
[0830/162332.268:ERROR:process_memory_win.cc(73)] ReadMemory at 0x14900c6f700 of 132 bytes failed: Only part of a ReadProcessMemory or WriteProcessMemory request was completed. (0x12B)
[0830/162332.268:ERROR:process_memory_win.cc(73)] ReadMemory at 0x14900c6f830 of 132 bytes failed: Only part of a ReadProcessMemory or WriteProcessMemory request was completed. (0x12B)
[0830/162332.268:ERROR:process_memory_win.cc(73)] ReadMemory at 0x14900c6f960 of 132 bytes failed: Only part of a ReadProcessMemory or WriteProcessMemory request was completed. (0x12B)
[0830/162332.268:ERROR:process_memory_win.cc(73)] ReadMemory at 0x14900c6fa90 of 132 bytes failed: Only part of a ReadProcessMemory or WriteProcessMemory request was completed. (0x12B)
[0830/162332.268:ERROR:process_memory_win.cc(73)] ReadMemory at 0x14900c6fbc0 of 132 bytes failed: Only part of a ReadProcessMemory or WriteProcessMemory request was completed. (0x12B)
[0830/162332.268:ERROR:process_memory_win.cc(73)] ReadMemory at 0x14900c6fcf0 of 132 bytes failed: Only part of a ReadProcessMemory or WriteProcessMemory request was completed. (0x12B)
[0830/162332.268:ERROR:process_memory_win.cc(73)] ReadMemory at 0x14900c71870 of 62 bytes failed: Only part of a ReadProcessMemory or WriteProcessMemory request was completed. (0x12B)
[0830/162332.268:ERROR:process_memory_win.cc(73)] ReadMemory at 0x14900c719b0 of 60 bytes failed: Only part of a ReadProcessMemory or WriteProcessMemory request was completed. (0x12B)
[0830/162332.268:ERROR:process_memory_win.cc(73)] ReadMemory at 0x14900c71a00 of 64 bytes failed: Only part of a ReadProcessMemory or WriteProcessMemory request was completed. (0x12B)
[0830/162332.268:ERROR:process_memory_win.cc(73)] ReadMemory at 0x14900c71b90 of 66 bytes failed: Only part of a ReadProcessMemory or WriteProcessMemory request was completed. (0x12B)
[0830/162332.268:ERROR:process_memory_win.cc(73)] ReadMemory at 0x14900c71be0 of 62 bytes failed: Only part of a ReadProcessMemory or WriteProcessMemory request was completed. (0x12B)
[0830/162332.268:ERROR:process_memory_win.cc(73)] ReadMemory at 0x14900c71e10 of 60 bytes failed: Only part of a ReadProcessMemory or WriteProcessMemory request was completed. (0x12B)
[0830/162332.268:ERROR:process_memory_win.cc(73)] ReadMemory at 0x14900c71f00 of 62 bytes failed: Only part of a ReadProcessMemory or WriteProcessMemory request was completed. (0x12B)
[0830/162332.268:ERROR:process_memory_win.cc(73)] ReadMemory at 0x14900c72040 of 64 bytes failed: Only part of a ReadProcessMemory or WriteProcessMemory request was completed. (0x12B)
[0830/162332.268:ERROR:process_memory_win.cc(73)] ReadMemory at 0x14900c72090 of 64 bytes failed: Only part of a ReadProcessMemory or WriteProcessMemory request was completed. (0x12B)
[0830/162332.297:ERROR:process_memory_win.cc(73)] ReadMemory at 0x14900c721d0 of 60 bytes failed: Only part of a ReadProcessMemory or WriteProcessMemory request was completed. (0x12B)
[0830/162332.317:ERROR:process_memory_win.cc(73)] ReadMemory at 0x14900c722c0 of 58 bytes failed: Only part of a ReadProcessMemory or WriteProcessMemory request was completed. (0x12B)
[0830/162332.317:ERROR:process_memory_win.cc(73)] ReadMemory at 0x14900c72310 of 64 bytes failed: Only part of a ReadProcessMemory or WriteProcessMemory request was completed. (0x12B)
[0830/162332.321:ERROR:process_memory_win.cc(73)] ReadMemory at 0x14900c72360 of 62 bytes failed: Only part of a ReadProcessMemory or WriteProcessMemory request was completed. (0x12B)
[0830/162332.321:ERROR:process_memory_win.cc(73)] ReadMemory at 0x14900c72680 of 64 bytes failed: Only part of a ReadProcessMemory or WriteProcessMemory request was completed. (0x12B)
[0830/162332.321:ERROR:process_memory_win.cc(73)] ReadMemory at 0x14900c76210 of 146 bytes failed: Only part of a ReadProcessMemory or WriteProcessMemory request was completed. (0x12B)
[0830/162332.321:ERROR:process_memory_win.cc(73)] ReadMemory at 0x14900c7a300 of 132 bytes failed: Only part of a ReadProcessMemory or WriteProcessMemory request was completed. (0x12B)
[0830/162332.321:ERROR:process_memory_win.cc(73)] ReadMemory at 0x14900c7a520 of 132 bytes failed: Only part of a ReadProcessMemory or WriteProcessMemory request was completed. (0x12B)
[0830/162332.321:ERROR:process_memory_win.cc(73)] ReadMemory at 0x14900c7ace0 of 132 bytes failed: Only part of a ReadProcessMemory or WriteProcessMemory request was completed. (0x12B)
[0830/162332.321:ERROR:process_memory_win.cc(73)] ReadMemory at 0x14900c7ae10 of 132 bytes failed: Only part of a ReadProcessMemory or WriteProcessMemory request was completed. (0x12B)
[0830/162332.321:ERROR:process_memory_win.cc(73)] ReadMemory at 0x14900c7ca60 of 132 bytes failed: Only part of a ReadProcessMemory or WriteProcessMemory request was completed. (0x12B)
[0830/162332.321:ERROR:process_memory_win.cc(73)] ReadMemory at 0x14900c7cc70 of 132 bytes failed: Only part of a ReadProcessMemory or WriteProcessMemory request was completed. (0x12B)
[0830/162332.323:ERROR:process_memory_win.cc(73)] ReadMemory at 0x14900c7d5a0 of 80 bytes failed: Only part of a ReadProcessMemory or WriteProcessMemory request was completed. (0x12B)
[0830/162332.323:ERROR:process_memory_win.cc(73)] ReadMemory at 0x14900c7d600 of 76 bytes failed: Only part of a ReadProcessMemory or WriteProcessMemory request was completed. (0x12B)
[0830/162332.323:ERROR:process_memory_win.cc(73)] ReadMemory at 0x14900c7dfb0 of 132 bytes failed: Only part of a ReadProcessMemory or WriteProcessMemory request was completed. (0x12B)
[0830/162332.324:ERROR:process_memory_win.cc(73)] ReadMemory at 0x14900c7e800 of 132 bytes failed: Only part of a ReadProcessMemory or WriteProcessMemory request was completed. (0x12B)
[0830/162332.324:ERROR:process_memory_win.cc(73)] ReadMemory at 0x14900c7e930 of 132 bytes failed: Only part of a ReadProcessMemory or WriteProcessMemory request was completed. (0x12B)
[0830/162332.324:ERROR:process_memory_win.cc(73)] ReadMemory at 0x14900c7ea60 of 132 bytes failed: Only part of a ReadProcessMemory or WriteProcessMemory request was completed. (0x12B)
[0830/162332.324:ERROR:process_memory_win.cc(73)] ReadMemory at 0x14900c7ef20 of 132 bytes failed: Only part of a ReadProcessMemory or WriteProcessMemory request was completed. (0x12B)
[0830/162332.325:ERROR:process_memory_win.cc(73)] ReadMemory at 0x14900c7f050 of 132 bytes failed: Only part of a ReadProcessMemory or WriteProcessMemory request was completed. (0x12B)
[0830/162332.325:ERROR:process_memory_win.cc(73)] ReadMemory at 0x14900c7f180 of 132 bytes failed: Only part of a ReadProcessMemory or WriteProcessMemory request was completed. (0x12B)
[0830/162332.325:ERROR:process_memory_win.cc(73)] ReadMemory at 0x14900c7f2b0 of 132 bytes failed: Only part of a ReadProcessMemory or WriteProcessMemory request was completed. (0x12B)
[0830/162332.325:ERROR:process_memory_win.cc(73)] ReadMemory at 0x14900c7f8a0 of 132 bytes failed: Only part of a ReadProcessMemory or WriteProcessMemory request was completed. (0x12B)
[0830/162332.325:ERROR:process_memory_win.cc(73)] ReadMemory at 0x14900c7fd60 of 132 bytes failed: Only part of a ReadProcessMemory or WriteProcessMemory request was completed. (0x12B)
[0830/162332.325:ERROR:process_memory_win.cc(73)] ReadMemory at 0x14900c82ed0 of 60 bytes failed: Only part of a ReadProcessMemory or WriteProcessMemory request was completed. (0x12B)
[0830/162332.325:ERROR:process_memory_win.cc(73)] ReadMemory at 0x14900c82f20 of 62 bytes failed: Only part of a ReadProcessMemory or WriteProcessMemory request was completed. (0x12B)
[0830/162332.325:ERROR:process_memory_win.cc(73)] ReadMemory at 0x14900c830b0 of 60 bytes failed: Only part of a ReadProcessMemory or WriteProcessMemory request was completed. (0x12B)
[0830/162332.326:ERROR:process_memory_win.cc(73)] ReadMemory at 0x14900c83150 of 64 bytes failed: Only part of a ReadProcessMemory or WriteProcessMemory request was completed. (0x12B)
[0830/162332.326:ERROR:process_memory_win.cc(73)] ReadMemory at 0x14900c832e0 of 62 bytes failed: Only part of a ReadProcessMemory or WriteProcessMemory request was completed. (0x12B)
[0830/162332.326:ERROR:process_memory_win.cc(73)] ReadMemory at 0x14900c83330 of 60 bytes failed: Only part of a ReadProcessMemory or WriteProcessMemory request was completed. (0x12B)
[0830/162332.326:ERROR:process_memory_win.cc(73)] ReadMemory at 0x14900c83380 of 64 bytes failed: Only part of a ReadProcessMemory or WriteProcessMemory request was completed. (0x12B)
[0830/162332.326:ERROR:process_memory_win.cc(73)] ReadMemory at 0x14900c836a0 of 66 bytes failed: Only part of a ReadProcessMemory or WriteProcessMemory request was completed. (0x12B)
[0830/162332.326:ERROR:process_memory_win.cc(73)] ReadMemory at 0x14900c83ab0 of 62 bytes failed: Only part of a ReadProcessMemory or WriteProcessMemory request was completed. (0x12B)
[0830/162332.326:ERROR:process_memory_win.cc(73)] ReadMemory at 0x14900c83b00 of 62 bytes failed: Only part of a ReadProcessMemory or WriteProcessMemory request was completed. (0x12B)
[0830/162332.326:ERROR:process_memory_win.cc(73)] ReadMemory at 0x14900c83c40 of 62 bytes failed: Only part of a ReadProcessMemory or WriteProcessMemory request was completed. (0x12B)
[0830/162332.326:ERROR:process_memory_win.cc(73)] ReadMemory at 0x14900c83ce0 of 64 bytes failed: Only part of a ReadProcessMemory or WriteProcessMemory request was completed. (0x12B)
[0830/162332.326:ERROR:process_memory_win.cc(73)] ReadMemory at 0x14900c83d30 of 62 bytes failed: Only part of a ReadProcessMemory or WriteProcessMemory request was completed. (0x12B)
[0830/162332.326:ERROR:process_memory_win.cc(73)] ReadMemory at 0x14900ce0450 of 512 bytes failed: Only part of a ReadProcessMemory or WriteProcessMemory request was completed. (0x12B)
[0830/162332.326:ERROR:process_memory_win.cc(73)] ReadMemory at 0x14900d09660 of 512 bytes failed: Only part of a ReadProcessMemory or WriteProcessMemory request was completed. (0x12B)
[0830/162332.326:ERROR:process_memory_win.cc(73)] ReadMemory at 0x14900d0eb80 of 512 bytes failed: Only part of a ReadProcessMemory or WriteProcessMemory request was completed. (0x12B)
[0830/162332.326:ERROR:process_memory_win.cc(73)] ReadMemory at 0x14900d17150 of 712 bytes failed: Only part of a ReadProcessMemory or WriteProcessMemory request was completed. (0x12B)
[0830/162332.326:ERROR:process_memory_win.cc(73)] ReadMemory at 0x14900d34de0 of 512 bytes failed: Only part of a ReadProcessMemory or WriteProcessMemory request was completed. (0x12B)
[0830/162332.326:ERROR:process_memory_win.cc(73)] ReadMemory at 0x14900d38380 of 512 bytes failed: Only part of a ReadProcessMemory or WriteProcessMemory request was completed. (0x12B)
[0830/162332.326:ERROR:process_memory_win.cc(73)] ReadMemory at 0x149028f6520 of 512 bytes failed: Only part of a ReadProcessMemory or WriteProcessMemory request was completed. (0x12B)
[0830/162332.326:ERROR:process_memory_win.cc(73)] ReadMemory at 0x14904cc4460 of 512 bytes failed: Only part of a ReadProcessMemory or WriteProcessMemory request was completed. (0x12B)
[0830/162332.326:ERROR:process_memory_win.cc(73)] ReadMemory at 0x219f00000000 of 384 bytes failed: Only part of a ReadProcessMemory or WriteProcessMemory request was completed. (0x12B)
[0830/162332.368:ERROR:process_memory_win.cc(73)] ReadMemory at 0x219f0000a268 of 512 bytes failed: Only part of a ReadProcessMemory or WriteProcessMemory request was completed. (0x12B)
[0830/162332.368:ERROR:process_memory_win.cc(73)] ReadMemory at 0x219f081a6169 of 512 bytes failed: Only part of a ReadProcessMemory or WriteProcessMemory request was completed. (0x12B)
[0830/162332.368:ERROR:process_memory_win.cc(73)] ReadMemory at 0x219f082ad6b9 of 512 bytes failed: Only part of a ReadProcessMemory or WriteProcessMemory request was completed. (0x12B)
[0830/162332.368:ERROR:process_memory_win.cc(73)] ReadMemory at 0x219f0a456f7d of 512 bytes failed: Only part of a ReadProcessMemory or WriteProcessMemory request was completed. (0x12B)
[0830/162332.368:ERROR:process_memory_win.cc(73)] ReadMemory at 0x219f12fddf5d of 512 bytes failed: Only part of a ReadProcessMemory or WriteProcessMemory request was completed. (0x12B)
[0830/162332.368:ERROR:process_memory_win.cc(73)] ReadMemory at 0x219f13001be5 of 512 bytes failed: Only part of a ReadProcessMemory or WriteProcessMemory request was completed. (0x12B)
[0830/162332.368:ERROR:process_memory_win.cc(73)] ReadMemory at 0x219f1306beb5 of 512 bytes failed: Only part of a ReadProcessMemory or WriteProcessMemory request was completed. (0x12B)
[0830/162332.368:ERROR:process_memory_win.cc(73)] ReadMemory at 0x25097f4f72c0 of 624 bytes failed: Only part of a ReadProcessMemory or WriteProcessMemory request was completed. (0x12B)
[0830/162332.368:ERROR:process_memory_win.cc(73)] ReadMemory at 0x7ffc21a50000 of 384 bytes failed: Only part of a ReadProcessMemory or WriteProcessMemory request was completed. (0x12B)
[0830/162332.368:ERROR:process_memory_win.cc(73)] ReadMemory at 0x7ffc249e1bb1 of 512 bytes failed: Only part of a ReadProcessMemory or WriteProcessMemory request was completed. (0x12B)
[0830/162332.368:ERROR:process_memory_win.cc(73)] ReadMemory at 0x7ffc5f9379b3 of 512 bytes failed: Only part of a ReadProcessMemory or WriteProcessMemory request was completed. (0x12B)
[0830/162332.368:ERROR:process_memory_win.cc(73)] ReadMemory at 0x7ffc5f9381a0 of 512 bytes failed: Only part of a ReadProcessMemory or WriteProcessMemory request was completed. (0x12B)
[0830/162332.386:ERROR:process_memory_win.cc(73)] ReadMemory at 0x7ffc93e9c074 of 672 bytes failed: Only part of a ReadProcessMemory or WriteProcessMemory request was completed. (0x12B)
[0830/162332.390:ERROR:process_memory_win.cc(73)] ReadMemory at 0x7ffc93e9f924 of 608 bytes failed: Only part of a ReadProcessMemory or WriteProcessMemory request was completed. (0x12B)
[0830/162332.390:ERROR:process_memory_win.cc(73)] ReadMemory at 0x7ffc93f2c428 of 18 bytes failed: Only part of a ReadProcessMemory or WriteProcessMemory request was completed. (0x12B)
[0830/162332.390:ERROR:process_memory_win.cc(73)] ReadMemory at 0x7ffc93f5f4f8 of 40 bytes failed: Only part of a ReadProcessMemory or WriteProcessMemory request was completed. (0x12B)
[0830/162332.391:ERROR:process_memory_win.cc(73)] ReadMemory at 0x7ffc93f5f978 of 48 bytes failed: Only part of a ReadProcessMemory or WriteProcessMemory request was completed. (0x12B)
[0830/162332.391:ERROR:process_memory_win.cc(73)] ReadMemory at 0x7ffc93f653c0 of 64 bytes failed: Only part of a ReadProcessMemory or WriteProcessMemory request was completed. (0x12B)
[0830/162332.395:ERROR:scoped_process_suspend.cc(40)] NtResumeProcess: An attempt was made to access an exiting process. (0xc000010a)
[0903/014031.811:ERROR:settings.cc(320)] Settings magic is not 1129342067
